<?xml version="1.0" encoding="utf-8"?><testsuites name="pytest tests"><testsuite name="pytest" errors="0" failures="0" skipped="0" tests="24" time="4.617" timestamp="2026-02-15T10:29:22.426589+00:00" hostname="agent-env-5c1bec47-abef-44e3-bce9-7e882a08826d"><testcase classname="tests.test_costs_columns_api.TestCostsAPI" name="test_get_costs_empty" time="0.222" /><testcase classname="tests.test_costs_columns_api.TestCostsAPI" name="test_create_tiktok_cost" time="0.184" /><testcase classname="tests.test_costs_columns_api.TestCostsAPI" name="test_create_meta_cost" time="0.189" /><testcase classname="tests.test_costs_columns_api.TestCostsAPI" name="test_create_google_cost" time="0.161" /><testcase classname="tests.test_costs_columns_api.TestCostsAPI" name="test_create_zwroty_cost" time="0.142" /><testcase classname="tests.test_costs_columns_api.TestCostsAPI" name="test_get_costs_by_shop_and_date" time="0.248" /><testcase classname="tests.test_costs_columns_api.TestCostsAPI" name="test_get_costs_by_year_month" time="0.194" /><testcase classname="tests.test_costs_columns_api.TestCostsAPI" name="test_get_costs_by_category" time="0.241" /><testcase classname="tests.test_costs_columns_api.TestCostsAPI" name="test_update_cost" time="0.188" /><testcase classname="tests.test_costs_columns_api.TestCostsAPI" name="test_update_nonexistent_cost" time="0.099" /><testcase classname="tests.test_costs_columns_api.TestCostsAPI" name="test_delete_cost" time="0.240" /><testcase classname="tests.test_costs_columns_api.TestCustomColumnsAPI" name="test_get_custom_columns" time="0.097" /><testcase classname="tests.test_costs_columns_api.TestCustomColumnsAPI" name="test_create_expense_column" time="0.147" /><testcase classname="tests.test_costs_columns_api.TestCustomColumnsAPI" name="test_create_income_column" time="0.216" /><testcase classname="tests.test_costs_columns_api.TestCustomColumnsAPI" name="test_create_duplicate_column_fails" time="0.215" /><testcase classname="tests.test_costs_columns_api.TestCustomColumnsAPI" name="test_update_custom_column" time="0.183" /><testcase classname="tests.test_costs_columns_api.TestCustomColumnsAPI" name="test_delete_custom_column" time="0.206" /><testcase classname="tests.test_costs_columns_api.TestCustomColumnsAPI" name="test_delete_column_deletes_associated_costs" time="0.297" /><testcase classname="tests.test_costs_columns_api.TestMonthlyStatsWithCosts" name="test_monthly_stats_returns_categorized_costs" time="0.110" /><testcase classname="tests.test_costs_columns_api.TestMonthlyStatsWithCosts" name="test_monthly_stats_profit_per_person" time="0.106" /><testcase classname="tests.test_costs_columns_api.TestMonthlyStatsWithCosts" name="test_monthly_stats_includes_custom_columns" time="0.092" /><testcase classname="tests.test_costs_columns_api.TestMonthlyStatsWithCosts" name="test_combined_stats_returns_categorized_costs" time="0.108" /><testcase classname="tests.test_costs_columns_api.TestMonthlyStatsWithCosts" name="test_costs_aggregated_in_stats" time="0.278" /><testcase classname="tests.test_costs_columns_api.TestMonthlyStatsWithCosts" name="test_custom_column_costs_in_stats" time="0.312" /></testsuite></testsuites>