<?xml version="1.0" encoding="utf-8"?><testsuites name="pytest tests"><testsuite name="pytest" errors="0" failures="0" skipped="0" tests="20" time="5.125" timestamp="2026-02-24T16:04:18.969001+00:00" hostname="agent-env-09563673-3a9b-4bb7-ad51-20997c861b7c"><testcase classname="backend.tests.test_ecommify_api.TestAuthAPI" name="test_login_success" time="0.178" /><testcase classname="backend.tests.test_ecommify_api.TestAuthAPI" name="test_login_invalid_pin" time="0.140" /><testcase classname="backend.tests.test_ecommify_api.TestShopsAPI" name="test_get_shops" time="0.126" /><testcase classname="backend.tests.test_ecommify_api.TestShopsAPI" name="test_create_update_delete_shop" time="0.723" /><testcase classname="backend.tests.test_ecommify_api.TestSettingsAPI" name="test_get_app_settings" time="0.106" /><testcase classname="backend.tests.test_ecommify_api.TestSettingsAPI" name="test_update_app_settings" time="0.357" /><testcase classname="backend.tests.test_ecommify_api.TestSettingsAPI" name="test_get_company_settings" time="0.121" /><testcase classname="backend.tests.test_ecommify_api.TestSettingsAPI" name="test_update_company_settings" time="0.128" /><testcase classname="backend.tests.test_ecommify_api.TestCalendarAPI" name="test_get_reminders" time="0.116" /><testcase classname="backend.tests.test_ecommify_api.TestCalendarAPI" name="test_create_update_delete_reminder" time="0.361" /><testcase classname="backend.tests.test_ecommify_api.TestCalendarAPI" name="test_get_notes" time="0.118" /><testcase classname="backend.tests.test_ecommify_api.TestCalendarAPI" name="test_create_delete_note" time="0.238" /><testcase classname="backend.tests.test_ecommify_api.TestSpreadsheetAPI" name="test_get_spreadsheets" time="0.124" /><testcase classname="backend.tests.test_ecommify_api.TestSpreadsheetAPI" name="test_create_update_delete_spreadsheet" time="0.630" /><testcase classname="backend.tests.test_ecommify_api.TestTasksAPI" name="test_get_tasks" time="0.109" /><testcase classname="backend.tests.test_ecommify_api.TestTasksAPI" name="test_create_update_delete_task" time="0.487" /><testcase classname="backend.tests.test_ecommify_api.TestIdeasAPI" name="test_get_ideas" time="0.126" /><testcase classname="backend.tests.test_ecommify_api.TestIdeasAPI" name="test_create_update_delete_idea" time="0.497" /><testcase classname="backend.tests.test_ecommify_api.TestShopifyTikTokConfigsAPI" name="test_get_shopify_configs" time="0.131" /><testcase classname="backend.tests.test_ecommify_api.TestShopifyTikTokConfigsAPI" name="test_get_tiktok_configs" time="0.184" /></testsuite></testsuites>