<?xml version="1.0" encoding="utf-8"?><testsuites name="pytest tests"><testsuite name="pytest" errors="0" failures="0" skipped="0" tests="14" time="1.716" timestamp="2026-02-10T17:42:45.135154+00:00" hostname="agent-env-41b9a505-91e9-43c5-917d-e66f946adab5"><testcase classname="backend.tests.test_products_api.TestProductsAPI" name="test_get_products_empty_or_list" time="0.078" /><testcase classname="backend.tests.test_products_api.TestProductsAPI" name="test_create_product_success" time="0.119" /><testcase classname="backend.tests.test_products_api.TestProductsAPI" name="test_create_product_minimal" time="0.081" /><testcase classname="backend.tests.test_products_api.TestProductsAPI" name="test_get_products_by_shop_id" time="0.199" /><testcase classname="backend.tests.test_products_api.TestProductsAPI" name="test_update_product" time="0.149" /><testcase classname="backend.tests.test_products_api.TestProductsAPI" name="test_update_nonexistent_product" time="0.036" /><testcase classname="backend.tests.test_products_api.TestProductsAPI" name="test_delete_product" time="0.116" /><testcase classname="backend.tests.test_products_api.TestOrderExtraPaymentCalculation" name="test_order_calculates_extra_payment_from_products" time="0.198" /><testcase classname="backend.tests.test_products_api.TestOrderExtraPaymentCalculation" name="test_order_no_match_zero_extra_payment" time="0.113" /><testcase classname="backend.tests.test_products_api.TestOrderExtraPaymentCalculation" name="test_order_multiple_products_extra_payment" time="0.297" /><testcase classname="backend.tests.test_products_api.TestLoginAPI" name="test_login_admin_pin" time="0.039" /><testcase classname="backend.tests.test_products_api.TestLoginAPI" name="test_login_kacper_pin" time="0.037" /><testcase classname="backend.tests.test_products_api.TestLoginAPI" name="test_login_szymon_pin" time="0.038" /><testcase classname="backend.tests.test_products_api.TestLoginAPI" name="test_login_invalid_pin" time="0.037" /></testsuite></testsuites>