<?xml version="1.0" encoding="utf-8"?><testsuites name="pytest tests"><testsuite name="pytest" errors="0" failures="0" skipped="0" tests="28" time="2.646" timestamp="2026-02-10T15:30:03.036809+00:00" hostname="agent-env-c19481d8-3efc-4b0b-9e1d-596bd7ef7344"><testcase classname="backend.tests.test_ecommify_api.TestHealth" name="test_api_root" time="0.140" /><testcase classname="backend.tests.test_ecommify_api.TestAuth" name="test_login_valid_pin_admin" time="0.055" /><testcase classname="backend.tests.test_ecommify_api.TestAuth" name="test_login_invalid_pin" time="0.046" /><testcase classname="backend.tests.test_ecommify_api.TestSalesRecords" name="test_get_sales_records" time="0.044" /><testcase classname="backend.tests.test_ecommify_api.TestSalesRecords" name="test_create_sales_record_manual" time="0.079" /><testcase classname="backend.tests.test_ecommify_api.TestSalesRecords" name="test_delete_sales_record" time="0.130" /><testcase classname="backend.tests.test_ecommify_api.TestSalesRecords" name="test_generate_from_orders" time="0.046" /><testcase classname="backend.tests.test_ecommify_api.TestSalesRecords" name="test_generate_from_orders_with_shop_filter" time="0.057" /><testcase classname="backend.tests.test_ecommify_api.TestSalesRecordsPDF" name="test_daily_pdf" time="0.350" /><testcase classname="backend.tests.test_ecommify_api.TestSalesRecordsPDF" name="test_monthly_pdf" time="0.068" /><testcase classname="backend.tests.test_ecommify_api.TestSalesRecordsPDF" name="test_daily_pdf_with_shop_filter" time="0.062" /><testcase classname="backend.tests.test_ecommify_api.TestReminders" name="test_get_reminders" time="0.063" /><testcase classname="backend.tests.test_ecommify_api.TestReminders" name="test_create_reminder_no_recurring" time="0.109" /><testcase classname="backend.tests.test_ecommify_api.TestReminders" name="test_create_reminder_daily_recurring" time="0.095" /><testcase classname="backend.tests.test_ecommify_api.TestReminders" name="test_create_reminder_weekly_recurring" time="0.082" /><testcase classname="backend.tests.test_ecommify_api.TestReminders" name="test_create_reminder_monthly_recurring" time="0.080" /><testcase classname="backend.tests.test_ecommify_api.TestReminders" name="test_update_reminder_toggle_done" time="0.166" /><testcase classname="backend.tests.test_ecommify_api.TestReminders" name="test_delete_reminder" time="0.120" /><testcase classname="backend.tests.test_ecommify_api.TestNotes" name="test_get_notes" time="0.044" /><testcase classname="backend.tests.test_ecommify_api.TestNotes" name="test_get_notes_by_date" time="0.043" /><testcase classname="backend.tests.test_ecommify_api.TestNotes" name="test_create_note" time="0.122" /><testcase classname="backend.tests.test_ecommify_api.TestNotes" name="test_delete_note" time="0.081" /><testcase classname="backend.tests.test_ecommify_api.TestOrders" name="test_get_orders" time="0.038" /><testcase classname="backend.tests.test_ecommify_api.TestOrders" name="test_create_order" time="0.074" /><testcase classname="backend.tests.test_ecommify_api.TestOrders" name="test_delete_order" time="0.116" /><testcase classname="backend.tests.test_ecommify_api.TestCompanySettings" name="test_get_company_settings" time="0.037" /><testcase classname="backend.tests.test_ecommify_api.TestStats" name="test_combined_monthly_stats" time="0.039" /><testcase classname="backend.tests.test_ecommify_api.TestStats" name="test_weekly_stats" time="0.046" /></testsuite></testsuites>