<?xml version="1.0" encoding="utf-8"?><testsuites name="pytest tests"><testsuite name="pytest" errors="0" failures="0" skipped="0" tests="23" time="3.059" timestamp="2026-02-23T02:59:51.426917+00:00" hostname="agent-env-588b4947-26e3-4615-870d-7c2a309b6233"><testcase classname="backend.tests.test_ecommify_api.TestHealthCheck" name="test_api_root" time="0.293" /><testcase classname="backend.tests.test_ecommify_api.TestAuthentication" name="test_login_with_valid_pin_admin" time="0.075" /><testcase classname="backend.tests.test_ecommify_api.TestAuthentication" name="test_login_with_invalid_pin" time="0.081" /><testcase classname="backend.tests.test_ecommify_api.TestShops" name="test_get_shops" time="0.067" /><testcase classname="backend.tests.test_ecommify_api.TestIdeas" name="test_create_idea" time="0.080" /><testcase classname="backend.tests.test_ecommify_api.TestIdeas" name="test_get_ideas" time="0.070" /><testcase classname="backend.tests.test_ecommify_api.TestIdeas" name="test_update_idea" time="0.184" /><testcase classname="backend.tests.test_ecommify_api.TestIdeas" name="test_delete_idea" time="0.142" /><testcase classname="backend.tests.test_ecommify_api.TestTasks" name="test_create_task" time="0.058" /><testcase classname="backend.tests.test_ecommify_api.TestTasks" name="test_get_tasks" time="0.063" /><testcase classname="backend.tests.test_ecommify_api.TestTasks" name="test_update_task_status" time="0.182" /><testcase classname="backend.tests.test_ecommify_api.TestTasks" name="test_delete_task" time="0.128" /><testcase classname="backend.tests.test_ecommify_api.TestCosts" name="test_create_cost" time="0.073" /><testcase classname="backend.tests.test_ecommify_api.TestCosts" name="test_get_costs" time="0.063" /><testcase classname="backend.tests.test_ecommify_api.TestReminders" name="test_create_reminder" time="0.062" /><testcase classname="backend.tests.test_ecommify_api.TestReminders" name="test_get_reminders" time="0.063" /><testcase classname="backend.tests.test_ecommify_api.TestReminders" name="test_mark_reminder_done" time="0.202" /><testcase classname="backend.tests.test_ecommify_api.TestProducts" name="test_create_product" time="0.069" /><testcase classname="backend.tests.test_ecommify_api.TestProducts" name="test_get_products" time="0.061" /><testcase classname="backend.tests.test_ecommify_api.TestMonthlyStats" name="test_get_combined_monthly_stats" time="0.064" /><testcase classname="backend.tests.test_ecommify_api.TestMonthlyStats" name="test_get_shop_monthly_stats" time="0.064" /><testcase classname="backend.tests.test_ecommify_api.TestSync" name="test_sync_all" time="0.072" /><testcase classname="backend.tests.test_ecommify_api.TestCleanup" name="test_cleanup_test_data" time="0.637" /></testsuite></testsuites>