<?xml version="1.0" encoding="utf-8"?><testsuites name="pytest tests"><testsuite name="pytest" errors="0" failures="0" skipped="0" tests="16" time="2.771" timestamp="2026-02-10T17:01:27.978802+00:00" hostname="agent-env-c19481d8-3efc-4b0b-9e1d-596bd7ef7344"><testcase classname="tests.test_returns_fulfillment_api.TestReturnsAPI" name="test_create_return_from_order" time="0.191" /><testcase classname="tests.test_returns_fulfillment_api.TestReturnsAPI" name="test_create_return_with_custom_refund" time="0.116" /><testcase classname="tests.test_returns_fulfillment_api.TestReturnsAPI" name="test_get_returns_list" time="0.102" /><testcase classname="tests.test_returns_fulfillment_api.TestReturnsAPI" name="test_get_returns_with_filters" time="0.075" /><testcase classname="tests.test_returns_fulfillment_api.TestReturnsAPI" name="test_delete_return_restores_order_status" time="0.083" /><testcase classname="tests.test_returns_fulfillment_api.TestReturnsAPI" name="test_create_return_invalid_order" time="0.138" /><testcase classname="tests.test_returns_fulfillment_api.TestFulfillmentAPI" name="test_create_fulfillment_with_extra_payment" time="0.169" /><testcase classname="tests.test_returns_fulfillment_api.TestFulfillmentAPI" name="test_fulfillment_duplicate_prevention" time="0.124" /><testcase classname="tests.test_returns_fulfillment_api.TestFulfillmentAPI" name="test_get_fulfillment_with_auto_check_ready" time="0.058" /><testcase classname="tests.test_returns_fulfillment_api.TestFulfillmentAPI" name="test_get_fulfillment_with_status_filter" time="0.063" /><testcase classname="tests.test_returns_fulfillment_api.TestFulfillmentAPI" name="test_update_fulfillment_status_pipeline" time="0.611" /><testcase classname="tests.test_returns_fulfillment_api.TestFulfillmentAPI" name="test_update_fulfillment_unpaid_branch" time="0.188" /><testcase classname="tests.test_returns_fulfillment_api.TestFulfillmentAPI" name="test_bulk_status_update" time="0.225" /><testcase classname="tests.test_returns_fulfillment_api.TestFulfillmentAPI" name="test_reminder_check_endpoint" time="0.102" /><testcase classname="tests.test_returns_fulfillment_api.TestFulfillmentAPI" name="test_delete_fulfillment_restores_order" time="0.118" /><testcase classname="tests.test_returns_fulfillment_api.TestOrderStatusIntegration" name="test_order_shows_returned_badge" time="0.196" /></testsuite></testsuites>