<?xml version="1.0" encoding="utf-8"?><testsuites name="pytest tests"><testsuite name="pytest" errors="0" failures="0" skipped="0" tests="22" time="3.349" timestamp="2026-02-10T17:19:04.759099+00:00" hostname="agent-env-c19481d8-3efc-4b0b-9e1d-596bd7ef7344"><testcase classname="tests.test_orders_fulfillment_v2.TestOrderStatusUpdate" name="test_update_order_status_new_to_processing" time="0.146" /><testcase classname="tests.test_orders_fulfillment_v2.TestOrderStatusUpdate" name="test_update_order_status_to_shipped" time="0.123" /><testcase classname="tests.test_orders_fulfillment_v2.TestOrderStatusUpdate" name="test_update_order_status_to_delivered" time="0.088" /><testcase classname="tests.test_orders_fulfillment_v2.TestOrderStatusUpdate" name="test_update_order_status_to_cancelled" time="0.086" /><testcase classname="tests.test_orders_fulfillment_v2.TestOrderStatusUpdate" name="test_update_nonexistent_order_status" time="0.040" /><testcase classname="tests.test_orders_fulfillment_v2.TestFulfillmentNotes" name="test_create_fulfillment_note" time="0.078" /><testcase classname="tests.test_orders_fulfillment_v2.TestFulfillmentNotes" name="test_get_fulfillment_notes_by_month" time="0.112" /><testcase classname="tests.test_orders_fulfillment_v2.TestFulfillmentNotes" name="test_delete_fulfillment_note" time="0.169" /><testcase classname="tests.test_orders_fulfillment_v2.TestFulfillmentPipeline" name="test_fulfillment_starts_at_waiting" time="0.128" /><testcase classname="tests.test_orders_fulfillment_v2.TestFulfillmentPipeline" name="test_move_to_reminder_sent" time="0.122" /><testcase classname="tests.test_orders_fulfillment_v2.TestFulfillmentPipeline" name="test_move_to_check_payment" time="0.211" /><testcase classname="tests.test_orders_fulfillment_v2.TestFulfillmentPipeline" name="test_mark_paid_moves_to_to_ship" time="0.206" /><testcase classname="tests.test_orders_fulfillment_v2.TestFulfillmentPipeline" name="test_mark_unpaid" time="0.274" /><testcase classname="tests.test_orders_fulfillment_v2.TestFulfillmentPipeline" name="test_move_to_archived" time="0.235" /><testcase classname="tests.test_orders_fulfillment_v2.TestFulfillmentPipeline" name="test_undo_from_reminder_sent_to_waiting" time="0.204" /><testcase classname="tests.test_orders_fulfillment_v2.TestFulfillmentPipeline" name="test_undo_from_check_payment_to_reminder_sent" time="0.235" /><testcase classname="tests.test_orders_fulfillment_v2.TestFulfillmentPipeline" name="test_undo_from_to_ship_to_check_payment" time="0.231" /><testcase classname="tests.test_orders_fulfillment_v2.TestFulfillmentPipeline" name="test_undo_from_archived_to_to_ship" time="0.284" /><testcase classname="tests.test_orders_fulfillment_v2.TestFulfillmentStageFiltering" name="test_get_fulfillment_by_status_waiting" time="0.035" /><testcase classname="tests.test_orders_fulfillment_v2.TestFulfillmentStageFiltering" name="test_get_fulfillment_by_status_archived" time="0.037" /><testcase classname="tests.test_orders_fulfillment_v2.TestHealthCheck" name="test_api_root" time="0.082" /><testcase classname="tests.test_orders_fulfillment_v2.TestHealthCheck" name="test_login_with_valid_pin" time="0.041" /></testsuite></testsuites>