<?xml version="1.0" encoding="utf-8"?><testsuites name="pytest tests"><testsuite name="pytest" errors="0" failures="0" skipped="0" tests="15" time="3.752" timestamp="2026-02-15T11:32:20.011074+00:00" hostname="agent-env-59ab5dde-3b85-405a-a5cd-0b9ac5cb55f7"><testcase classname="backend.tests.test_wyniki_api.TestWynikiIncomeAPI" name="test_create_income" time="0.303" /><testcase classname="backend.tests.test_wyniki_api.TestWynikiIncomeAPI" name="test_get_incomes_by_date" time="0.319" /><testcase classname="backend.tests.test_wyniki_api.TestWynikiIncomeAPI" name="test_delete_income" time="0.324" /><testcase classname="backend.tests.test_wyniki_api.TestWynikiCostAPI" name="test_create_cost_tiktok" time="0.502" /><testcase classname="backend.tests.test_wyniki_api.TestWynikiCostAPI" name="test_create_cost_meta" time="0.222" /><testcase classname="backend.tests.test_wyniki_api.TestWynikiCostAPI" name="test_create_cost_google" time="0.221" /><testcase classname="backend.tests.test_wyniki_api.TestWynikiCostAPI" name="test_create_cost_zwroty" time="0.205" /><testcase classname="backend.tests.test_wyniki_api.TestWynikiCostAPI" name="test_get_costs_by_category" time="0.311" /><testcase classname="backend.tests.test_wyniki_api.TestWynikiCostAPI" name="test_delete_cost" time="0.222" /><testcase classname="backend.tests.test_wyniki_api.TestWynikiMonthlyStats" name="test_monthly_stats_structure" time="0.113" /><testcase classname="backend.tests.test_wyniki_api.TestWynikiMonthlyStats" name="test_monthly_stats_days_count" time="0.107" /><testcase classname="backend.tests.test_wyniki_api.TestWynikiMonthlyStats" name="test_monthly_stats_day_structure" time="0.111" /><testcase classname="backend.tests.test_wyniki_api.TestWynikiMonthlyStats" name="test_combined_monthly_stats" time="0.106" /><testcase classname="backend.tests.test_wyniki_api.TestWynikiKPIs" name="test_profit_calculation" time="0.485" /><testcase classname="backend.tests.test_wyniki_api.TestWynikiAuth" name="test_login_returns_shops" time="0.093" /></testsuite></testsuites>